slurmstepd: error: task/cgroup: unable to add task[pid=15136] to memory cg '(null)'
slurmstepd: error: xcgroup_instantiate: unable to create cgroup '/sys/fs/cgroup/memory/slurm/uid_3965' : No space left on device
slurmstepd: error: jobacct_gather/cgroup: unable to instanciate user 3965 memory cgroup
/data/charman1/dlitwin3/landlab/landlab/components/drainage_density/drainage_density.py:278: UserWarning: Existing channel__mask grid field was overwritten.
  warn("Existing channel__mask grid field was overwritten.")
/data/charman1/dlitwin3/landlab/landlab/components/drainage_density/drainage_density.py:278: UserWarning: Existing channel__mask grid field was overwritten.
  warn("Existing channel__mask grid field was overwritten.")
/data/charman1/dlitwin3/landlab/landlab/components/drainage_density/drainage_density.py:278: UserWarning: Existing channel__mask grid field was overwritten.
  warn("Existing channel__mask grid field was overwritten.")
/data/charman1/dlitwin3/landlab/landlab/components/drainage_density/drainage_density.py:278: UserWarning: Existing channel__mask grid field was overwritten.
  warn("Existing channel__mask grid field was overwritten.")
/data/charman1/dlitwin3/landlab/landlab/components/drainage_density/drainage_density.py:278: UserWarning: Existing channel__mask grid field was overwritten.
  warn("Existing channel__mask grid field was overwritten.")
/data/charman1/dlitwin3/landlab/landlab/components/drainage_density/drainage_density.py:278: UserWarning: Existing channel__mask grid field was overwritten.
  warn("Existing channel__mask grid field was overwritten.")
/data/charman1/dlitwin3/landlab/landlab/components/drainage_density/drainage_density.py:278: UserWarning: Existing channel__mask grid field was overwritten.
  warn("Existing channel__mask grid field was overwritten.")
/data/charman1/dlitwin3/landlab/landlab/components/drainage_density/drainage_density.py:278: UserWarning: Existing channel__mask grid field was overwritten.
  warn("Existing channel__mask grid field was overwritten.")
/data/charman1/dlitwin3/landlab/landlab/components/drainage_density/drainage_density.py:278: UserWarning: Existing channel__mask grid field was overwritten.
  warn("Existing channel__mask grid field was overwritten.")
/data/charman1/dlitwin3/landlab/landlab/components/drainage_density/drainage_density.py:278: UserWarning: Existing channel__mask grid field was overwritten.
  warn("Existing channel__mask grid field was overwritten.")
/data/charman1/dlitwin3/landlab/landlab/components/drainage_density/drainage_density.py:278: UserWarning: Existing channel__mask grid field was overwritten.
  warn("Existing channel__mask grid field was overwritten.")
/data/charman1/dlitwin3/landlab/landlab/components/drainage_density/drainage_density.py:278: UserWarning: Existing channel__mask grid field was overwritten.
  warn("Existing channel__mask grid field was overwritten.")
/data/charman1/dlitwin3/landlab/landlab/components/drainage_density/drainage_density.py:278: UserWarning: Existing channel__mask grid field was overwritten.
  warn("Existing channel__mask grid field was overwritten.")
/data/charman1/dlitwin3/landlab/landlab/components/drainage_density/drainage_density.py:278: UserWarning: Existing channel__mask grid field was overwritten.
  warn("Existing channel__mask grid field was overwritten.")
/data/charman1/dlitwin3/landlab/landlab/components/drainage_density/drainage_density.py:278: UserWarning: Existing channel__mask grid field was overwritten.
  warn("Existing channel__mask grid field was overwritten.")
/data/charman1/dlitwin3/landlab/landlab/components/drainage_density/drainage_density.py:278: UserWarning: Existing channel__mask grid field was overwritten.
  warn("Existing channel__mask grid field was overwritten.")
/data/charman1/dlitwin3/landlab/landlab/components/drainage_density/drainage_density.py:278: UserWarning: Existing channel__mask grid field was overwritten.
  warn("Existing channel__mask grid field was overwritten.")
/data/charman1/dlitwin3/landlab/landlab/components/drainage_density/drainage_density.py:278: UserWarning: Existing channel__mask grid field was overwritten.
  warn("Existing channel__mask grid field was overwritten.")
/data/charman1/dlitwin3/landlab/landlab/components/drainage_density/drainage_density.py:278: UserWarning: Existing channel__mask grid field was overwritten.
  warn("Existing channel__mask grid field was overwritten.")
/data/charman1/dlitwin3/landlab/landlab/components/drainage_density/drainage_density.py:278: UserWarning: Existing channel__mask grid field was overwritten.
  warn("Existing channel__mask grid field was overwritten.")
/data/charman1/dlitwin3/landlab/landlab/components/drainage_density/drainage_density.py:278: UserWarning: Existing channel__mask grid field was overwritten.
  warn("Existing channel__mask grid field was overwritten.")
/data/charman1/dlitwin3/landlab/landlab/components/drainage_density/drainage_density.py:278: UserWarning: Existing channel__mask grid field was overwritten.
  warn("Existing channel__mask grid field was overwritten.")
/data/charman1/dlitwin3/landlab/landlab/components/drainage_density/drainage_density.py:278: UserWarning: Existing channel__mask grid field was overwritten.
  warn("Existing channel__mask grid field was overwritten.")
/data/charman1/dlitwin3/landlab/landlab/components/drainage_density/drainage_density.py:278: UserWarning: Existing channel__mask grid field was overwritten.
  warn("Existing channel__mask grid field was overwritten.")
